ERROR main org.springframework.web.context.ContextLoader - Context initialization failed
org.springframework.beans.factory.BeanCreationException: Error creating bean with name 'appraiseController': Injection of autowired dependencies failed; nested exception is org.springframework.beans.factory.BeanCreationException: Could not autowire field: private com.anan.plate.appraise.service.AppraiseService com.anan.plate.appraise.controller.AppraiseController.appraiseService; nested exception is org.springframework.beans.factory.CannotLoadBeanClassException: Cannot find class [org.util.FileUploadUtil] for bean with name 'fileService' defined in class path resource [applicationContext.xml]; nested exception is java.lang.ClassNotFoundException: org.util.FileUploadUtil
	at org.springframework.beans.factory.annotation.AutowiredAnnotationBeanPostProcessor.postProcessPropertyValues(AutowiredAnnotationBeanPostProcessor.java:287)
	at org.springframework.beans.factory.support.AbstractAutowireCapableBeanFactory.populateBean(AbstractAutowireCapableBeanFactory.java:1106)
	at org.springframework.beans.factory.support.AbstractAutowireCapableBeanFactory.doCreateBean(AbstractAutowireCapableBeanFactory.java:517)
	at org.springframework.beans.factory.support.AbstractAutowireCapableBeanFactory.createBean(AbstractAutowireCapableBeanFactory.java:456)
	at org.springframework.beans.factory.support.AbstractBeanFactory$1.getObject(AbstractBeanFactory.java:294)
	at org.springframework.beans.factory.support.DefaultSingletonBeanRegistry.getSingleton(DefaultSingletonBeanRegistry.java:225)
	at org.springframework.beans.factory.support.AbstractBeanFactory.doGetBean(AbstractBeanFactory.java:291)
	at org.springframework.beans.factory.support.AbstractBeanFactory.getBean(AbstractBeanFactory.java:193)
	at org.springframework.beans.factory.support.DefaultListableBeanFactory.preInstantiateSingletons(DefaultListableBeanFactory.java:585)
	at org.springframework.context.support.AbstractApplicationContext.finishBeanFactoryInitialization(AbstractApplicationContext.java:913)
	at org.springframework.context.support.AbstractApplicationContext.refresh(AbstractApplicationContext.java:464)
	at org.springframework.web.context.ContextLoader.configureAndRefreshWebApplicationContext(ContextLoader.java:385)
	at org.springframework.web.context.ContextLoader.initWebApplicationContext(ContextLoader.java:284)
	at org.springframework.web.context.ContextLoaderListener.contextInitialized(ContextLoaderListener.java:111)
	at org.apache.catalina.core.StandardContext.listenerStart(StandardContext.java:4135)
	at org.apache.catalina.core.StandardContext.start(StandardContext.java:4630)
	at org.apache.catalina.core.ContainerBase.start(ContainerBase.java:1045)
	at org.apache.catalina.core.StandardHost.start(StandardHost.java:785)
	at org.apache.catalina.core.ContainerBase.start(ContainerBase.java:1045)
	at org.apache.catalina.core.StandardEngine.start(StandardEngine.java:445)
	at org.apache.catalina.startup.Embedded.start(Embedded.java:825)
	at org.codehaus.mojo.tomcat.AbstractRunMojo.startContainer(AbstractRunMojo.java:558)
	at org.codehaus.mojo.tomcat.AbstractRunMojo.execute(AbstractRunMojo.java:255)
	at org.apache.maven.plugin.DefaultBuildPluginManager.executeMojo(DefaultBuildPluginManager.java:134)
	at org.apache.maven.lifecycle.internal.MojoExecutor.execute(MojoExecutor.java:208)
	at org.apache.maven.lifecycle.internal.MojoExecutor.execute(MojoExecutor.java:153)
	at org.apache.maven.lifecycle.internal.MojoExecutor.execute(MojoExecutor.java:145)
	at org.apache.maven.lifecycle.internal.LifecycleModuleBuilder.buildProject(LifecycleModuleBuilder.java:116)
	at org.apache.maven.lifecycle.internal.LifecycleModuleBuilder.buildProject(LifecycleModuleBuilder.java:80)
	at org.apache.maven.lifecycle.internal.builder.singlethreaded.SingleThreadedBuilder.build(SingleThreadedBuilder.java:51)
	at org.apache.maven.lifecycle.internal.LifecycleStarter.execute(LifecycleStarter.java:128)
	at org.apache.maven.DefaultMaven.doExecute(DefaultMaven.java:307)
	at org.apache.maven.DefaultMaven.doExecute(DefaultMaven.java:193)
	at org.apache.maven.DefaultMaven.execute(DefaultMaven.java:106)
	at org.apache.maven.cli.MavenCli.execute(MavenCli.java:862)
	at org.apache.maven.cli.MavenCli.doMain(MavenCli.java:286)
	at org.apache.maven.cli.MavenCli.main(MavenCli.java:197)
	at sun.reflect.NativeMethodAccessorImpl.invoke0(Native Method)
	at sun.reflect.NativeMethodAccessorImpl.invoke(NativeMethodAccessorImpl.java:57)
	at sun.reflect.DelegatingMethodAccessorImpl.invoke(DelegatingMethodAccessorImpl.java:43)
	at java.lang.reflect.Method.invoke(Method.java:606)
	at org.codehaus.plexus.classworlds.launcher.Launcher.launchEnhanced(Launcher.java:289)
	at org.codehaus.plexus.classworlds.launcher.Launcher.launch(Launcher.java:229)
	at org.codehaus.plexus.classworlds.launcher.Launcher.mainWithExitCode(Launcher.java:415)
	at org.codehaus.plexus.classworlds.launcher.Launcher.main(Launcher.java:356)
Caused by: org.springframework.beans.factory.BeanCreationException: Could not autowire field: private com.anan.plate.appraise.service.AppraiseService com.anan.plate.appraise.controller.AppraiseController.appraiseService; nested exception is org.springframework.beans.factory.CannotLoadBeanClassException: Cannot find class [org.util.FileUploadUtil] for bean with name 'fileService' defined in class path resource [applicationContext.xml]; nested exception is java.lang.ClassNotFoundException: org.util.FileUploadUtil
	at org.springframework.beans.factory.annotation.AutowiredAnnotationBeanPostProcessor$AutowiredFieldElement.inject(AutowiredAnnotationBeanPostProcessor.java:506)
	at org.springframework.beans.factory.annotation.InjectionMetadata.inject(InjectionMetadata.java:87)
	at org.springframework.beans.factory.annotation.AutowiredAnnotationBeanPostProcessor.postProcessPropertyValues(AutowiredAnnotationBeanPostProcessor.java:284)
	... 44 more
Caused by: org.springframework.beans.factory.CannotLoadBeanClassException: Cannot find class [org.util.FileUploadUtil] for bean with name 'fileService' defined in class path resource [applicationContext.xml]; nested exception is java.lang.ClassNotFoundException: org.util.FileUploadUtil
	at org.springframework.beans.factory.support.AbstractBeanFactory.resolveBeanClass(AbstractBeanFactory.java:1262)
	at org.springframework.beans.factory.support.AbstractAutowireCapableBeanFactory.predictBeanType(AbstractAutowireCapableBeanFactory.java:576)
	at org.springframework.beans.factory.support.AbstractBeanFactory.isFactoryBean(AbstractBeanFactory.java:1331)
	at org.springframework.beans.factory.support.DefaultListableBeanFactory.getBeanNamesForType(DefaultListableBeanFactory.java:317)
	at org.springframework.beans.factory.BeanFactoryUtils.beanNamesForTypeIncludingAncestors(BeanFactoryUtils.java:185)
	at org.springframework.beans.factory.support.DefaultListableBeanFactory.findAutowireCandidates(DefaultListableBeanFactory.java:833)
	at org.springframework.beans.factory.support.DefaultListableBeanFactory.doResolveDependency(DefaultListableBeanFactory.java:790)
	at org.springframework.beans.factory.support.DefaultListableBeanFactory.resolveDependency(DefaultListableBeanFactory.java:707)
	at org.springframework.beans.factory.annotation.AutowiredAnnotationBeanPostProcessor$AutowiredFieldElement.inject(AutowiredAnnotationBeanPostProcessor.java:478)
	... 46 more
Caused by: java.lang.ClassNotFoundException: org.util.FileUploadUtil
	at org.apache.catalina.loader.WebappClassLoader.loadClass(WebappClassLoader.java:1645)
	at org.apache.catalina.loader.WebappClassLoader.loadClass(WebappClassLoader.java:1491)
	at org.springframework.util.ClassUtils.forName(ClassUtils.java:258)
	at org.springframework.beans.factory.support.AbstractBeanDefinition.resolveBeanClass(AbstractBeanDefinition.java:417)
	at org.springframework.beans.factory.support.AbstractBeanFactory.doResolveBeanClass(AbstractBeanFactory.java:1283)
	at org.springframework.beans.factory.support.AbstractBeanFactory.resolveBeanClass(AbstractBeanFactory.java:1254)
	... 54 more
ERROR main org.springframework.web.context.ContextLoader - Context initialization failed
org.springframework.beans.factory.BeanCreationException: Error creating bean with name 'appraiseController': Injection of autowired dependencies failed; nested exception is org.springframework.beans.factory.BeanCreationException: Could not autowire field: private com.anan.plate.appraise.service.AppraiseService com.anan.plate.appraise.controller.AppraiseController.appraiseService; nested exception is org.springframework.beans.factory.CannotLoadBeanClassException: Cannot find class [org.util.FileUploadUtil] for bean with name 'fileService' defined in class path resource [applicationContext.xml]; nested exception is java.lang.ClassNotFoundException: org.util.FileUploadUtil
	at org.springframework.beans.factory.annotation.AutowiredAnnotationBeanPostProcessor.postProcessPropertyValues(AutowiredAnnotationBeanPostProcessor.java:287)
	at org.springframework.beans.factory.support.AbstractAutowireCapableBeanFactory.populateBean(AbstractAutowireCapableBeanFactory.java:1106)
	at org.springframework.beans.factory.support.AbstractAutowireCapableBeanFactory.doCreateBean(AbstractAutowireCapableBeanFactory.java:517)
	at org.springframework.beans.factory.support.AbstractAutowireCapableBeanFactory.createBean(AbstractAutowireCapableBeanFactory.java:456)
	at org.springframework.beans.factory.support.AbstractBeanFactory$1.getObject(AbstractBeanFactory.java:294)
	at org.springframework.beans.factory.support.DefaultSingletonBeanRegistry.getSingleton(DefaultSingletonBeanRegistry.java:225)
	at org.springframework.beans.factory.support.AbstractBeanFactory.doGetBean(AbstractBeanFactory.java:291)
	at org.springframework.beans.factory.support.AbstractBeanFactory.getBean(AbstractBeanFactory.java:193)
	at org.springframework.beans.factory.support.DefaultListableBeanFactory.preInstantiateSingletons(DefaultListableBeanFactory.java:585)
	at org.springframework.context.support.AbstractApplicationContext.finishBeanFactoryInitialization(AbstractApplicationContext.java:913)
	at org.springframework.context.support.AbstractApplicationContext.refresh(AbstractApplicationContext.java:464)
	at org.springframework.web.context.ContextLoader.configureAndRefreshWebApplicationContext(ContextLoader.java:385)
	at org.springframework.web.context.ContextLoader.initWebApplicationContext(ContextLoader.java:284)
	at org.springframework.web.context.ContextLoaderListener.contextInitialized(ContextLoaderListener.java:111)
	at org.apache.catalina.core.StandardContext.listenerStart(StandardContext.java:4135)
	at org.apache.catalina.core.StandardContext.start(StandardContext.java:4630)
	at org.apache.catalina.core.ContainerBase.start(ContainerBase.java:1045)
	at org.apache.catalina.core.StandardHost.start(StandardHost.java:785)
	at org.apache.catalina.core.ContainerBase.start(ContainerBase.java:1045)
	at org.apache.catalina.core.StandardEngine.start(StandardEngine.java:445)
	at org.apache.catalina.startup.Embedded.start(Embedded.java:825)
	at org.codehaus.mojo.tomcat.AbstractRunMojo.startContainer(AbstractRunMojo.java:558)
	at org.codehaus.mojo.tomcat.AbstractRunMojo.execute(AbstractRunMojo.java:255)
	at org.apache.maven.plugin.DefaultBuildPluginManager.executeMojo(DefaultBuildPluginManager.java:134)
	at org.apache.maven.lifecycle.internal.MojoExecutor.execute(MojoExecutor.java:208)
	at org.apache.maven.lifecycle.internal.MojoExecutor.execute(MojoExecutor.java:153)
	at org.apache.maven.lifecycle.internal.MojoExecutor.execute(MojoExecutor.java:145)
	at org.apache.maven.lifecycle.internal.LifecycleModuleBuilder.buildProject(LifecycleModuleBuilder.java:116)
	at org.apache.maven.lifecycle.internal.LifecycleModuleBuilder.buildProject(LifecycleModuleBuilder.java:80)
	at org.apache.maven.lifecycle.internal.builder.singlethreaded.SingleThreadedBuilder.build(SingleThreadedBuilder.java:51)
	at org.apache.maven.lifecycle.internal.LifecycleStarter.execute(LifecycleStarter.java:128)
	at org.apache.maven.DefaultMaven.doExecute(DefaultMaven.java:307)
	at org.apache.maven.DefaultMaven.doExecute(DefaultMaven.java:193)
	at org.apache.maven.DefaultMaven.execute(DefaultMaven.java:106)
	at org.apache.maven.cli.MavenCli.execute(MavenCli.java:862)
	at org.apache.maven.cli.MavenCli.doMain(MavenCli.java:286)
	at org.apache.maven.cli.MavenCli.main(MavenCli.java:197)
	at sun.reflect.NativeMethodAccessorImpl.invoke0(Native Method)
	at sun.reflect.NativeMethodAccessorImpl.invoke(NativeMethodAccessorImpl.java:57)
	at sun.reflect.DelegatingMethodAccessorImpl.invoke(DelegatingMethodAccessorImpl.java:43)
	at java.lang.reflect.Method.invoke(Method.java:606)
	at org.codehaus.plexus.classworlds.launcher.Launcher.launchEnhanced(Launcher.java:289)
	at org.codehaus.plexus.classworlds.launcher.Launcher.launch(Launcher.java:229)
	at org.codehaus.plexus.classworlds.launcher.Launcher.mainWithExitCode(Launcher.java:415)
	at org.codehaus.plexus.classworlds.launcher.Launcher.main(Launcher.java:356)
Caused by: org.springframework.beans.factory.BeanCreationException: Could not autowire field: private com.anan.plate.appraise.service.AppraiseService com.anan.plate.appraise.controller.AppraiseController.appraiseService; nested exception is org.springframework.beans.factory.CannotLoadBeanClassException: Cannot find class [org.util.FileUploadUtil] for bean with name 'fileService' defined in class path resource [applicationContext.xml]; nested exception is java.lang.ClassNotFoundException: org.util.FileUploadUtil
	at org.springframework.beans.factory.annotation.AutowiredAnnotationBeanPostProcessor$AutowiredFieldElement.inject(AutowiredAnnotationBeanPostProcessor.java:506)
	at org.springframework.beans.factory.annotation.InjectionMetadata.inject(InjectionMetadata.java:87)
	at org.springframework.beans.factory.annotation.AutowiredAnnotationBeanPostProcessor.postProcessPropertyValues(AutowiredAnnotationBeanPostProcessor.java:284)
	... 44 more
Caused by: org.springframework.beans.factory.CannotLoadBeanClassException: Cannot find class [org.util.FileUploadUtil] for bean with name 'fileService' defined in class path resource [applicationContext.xml]; nested exception is java.lang.ClassNotFoundException: org.util.FileUploadUtil
	at org.springframework.beans.factory.support.AbstractBeanFactory.resolveBeanClass(AbstractBeanFactory.java:1262)
	at org.springframework.beans.factory.support.AbstractAutowireCapableBeanFactory.predictBeanType(AbstractAutowireCapableBeanFactory.java:576)
	at org.springframework.beans.factory.support.AbstractBeanFactory.isFactoryBean(AbstractBeanFactory.java:1331)
	at org.springframework.beans.factory.support.DefaultListableBeanFactory.getBeanNamesForType(DefaultListableBeanFactory.java:317)
	at org.springframework.beans.factory.BeanFactoryUtils.beanNamesForTypeIncludingAncestors(BeanFactoryUtils.java:185)
	at org.springframework.beans.factory.support.DefaultListableBeanFactory.findAutowireCandidates(DefaultListableBeanFactory.java:833)
	at org.springframework.beans.factory.support.DefaultListableBeanFactory.doResolveDependency(DefaultListableBeanFactory.java:790)
	at org.springframework.beans.factory.support.DefaultListableBeanFactory.resolveDependency(DefaultListableBeanFactory.java:707)
	at org.springframework.beans.factory.annotation.AutowiredAnnotationBeanPostProcessor$AutowiredFieldElement.inject(AutowiredAnnotationBeanPostProcessor.java:478)
	... 46 more
Caused by: java.lang.ClassNotFoundException: org.util.FileUploadUtil
	at org.apache.catalina.loader.WebappClassLoader.loadClass(WebappClassLoader.java:1645)
	at org.apache.catalina.loader.WebappClassLoader.loadClass(WebappClassLoader.java:1491)
	at org.springframework.util.ClassUtils.forName(ClassUtils.java:258)
	at org.springframework.beans.factory.support.AbstractBeanDefinition.resolveBeanClass(AbstractBeanDefinition.java:417)
	at org.springframework.beans.factory.support.AbstractBeanFactory.doResolveBeanClass(AbstractBeanFactory.java:1283)
	at org.springframework.beans.factory.support.AbstractBeanFactory.resolveBeanClass(AbstractBeanFactory.java:1254)
	... 54 more
ERROR http-8080-1 freemarker.runtime - 

Error parsing included template common/main.ftl
Token manager error: freemarker.core.TokenMgrError: Unknown directive: #endif on line: 18, column: 251, in template: common/main.ftl in common/main.ftl
The problematic instruction:
----------
==> include "common/main.ftl" [on line 1, column 1 in index.ftl]
----------

Java backtrace for programmers:
----------
freemarker.template.TemplateException: Error parsing included template common/main.ftl
Token manager error: freemarker.core.TokenMgrError: Unknown directive: #endif on line: 18, column: 251, in template: common/main.ftl in common/main.ftl
	at freemarker.core.Include.accept(Include.java:162)
	at freemarker.core.Environment.visit(Environment.java:208)
	at freemarker.core.MixedContent.accept(MixedContent.java:92)
	at freemarker.core.Environment.visit(Environment.java:208)
	at freemarker.core.Environment.process(Environment.java:188)
	at freemarker.template.Template.process(Template.java:237)
	at org.springframework.web.servlet.view.freemarker.FreeMarkerView.processTemplate(FreeMarkerView.java:366)
	at org.springframework.web.servlet.view.freemarker.FreeMarkerView.doRender(FreeMarkerView.java:283)
	at org.springframework.web.servlet.view.freemarker.FreeMarkerView.renderMergedTemplateModel(FreeMarkerView.java:233)
	at org.springframework.web.servlet.view.AbstractTemplateView.renderMergedOutputModel(AbstractTemplateView.java:167)
	at org.springframework.web.servlet.view.AbstractView.render(AbstractView.java:262)
	at org.springframework.web.servlet.DispatcherServlet.render(DispatcherServlet.java:1180)
	at org.springframework.web.servlet.DispatcherServlet.doDispatch(DispatcherServlet.java:950)
	at org.springframework.web.servlet.DispatcherServlet.doService(DispatcherServlet.java:852)
	at org.springframework.web.servlet.FrameworkServlet.processRequest(FrameworkServlet.java:882)
	at org.springframework.web.servlet.FrameworkServlet.doGet(FrameworkServlet.java:778)
	at javax.servlet.http.HttpServlet.service(HttpServlet.java:617)
	at javax.servlet.http.HttpServlet.service(HttpServlet.java:717)
	at org.apache.catalina.core.ApplicationFilterChain.internalDoFilter(ApplicationFilterChain.java:290)
	at org.apache.catalina.core.ApplicationFilterChain.doFilter(ApplicationFilterChain.java:206)
	at org.springframework.web.filter.CharacterEncodingFilter.doFilterInternal(CharacterEncodingFilter.java:88)
	at org.springframework.web.filter.OncePerRequestFilter.doFilter(OncePerRequestFilter.java:76)
	at org.apache.catalina.core.ApplicationFilterChain.internalDoFilter(ApplicationFilterChain.java:235)
	at org.apache.catalina.core.ApplicationFilterChain.doFilter(ApplicationFilterChain.java:206)
	at org.apache.catalina.core.StandardWrapperValve.invoke(StandardWrapperValve.java:233)
	at org.apache.catalina.core.StandardContextValve.invoke(StandardContextValve.java:191)
	at org.apache.catalina.core.StandardHostValve.invoke(StandardHostValve.java:127)
	at org.apache.catalina.valves.ErrorReportValve.invoke(ErrorReportValve.java:102)
	at org.apache.catalina.core.StandardEngineValve.invoke(StandardEngineValve.java:109)
	at org.apache.catalina.connector.CoyoteAdapter.service(CoyoteAdapter.java:298)
	at org.apache.coyote.http11.Http11Processor.process(Http11Processor.java:857)
	at org.apache.coyote.http11.Http11Protocol$Http11ConnectionHandler.process(Http11Protocol.java:588)
	at org.apache.tomcat.util.net.JIoEndpoint$Worker.run(JIoEndpoint.java:489)
	at java.lang.Thread.run(Thread.java:745)
Caused by: freemarker.core.ParseException: Token manager error: freemarker.core.TokenMgrError: Unknown directive: #endif on line: 18, column: 251, in template: common/main.ftl in common/main.ftl
	at freemarker.template.Template.<init>(Template.java:152)
	at freemarker.cache.TemplateCache.loadTemplate(TemplateCache.java:448)
	at freemarker.cache.TemplateCache.getTemplate(TemplateCache.java:361)
	at freemarker.cache.TemplateCache.getTemplate(TemplateCache.java:235)
	at freemarker.template.Configuration.getTemplate(Configuration.java:487)
	at freemarker.core.Environment.getTemplateForInclusion(Environment.java:1463)
	at freemarker.core.Include.accept(Include.java:157)
	... 33 more
WARN http-8080-2 org.hibernate.util.JDBCExceptionReporter - SQL Error: 0, SQLState: 08S01
ERROR http-8080-2 org.hibernate.util.JDBCExceptionReporter - Communications link failure

Last packet sent to the server was 27928190 ms ago.
WARN http-8080-2 org.hibernate.util.JDBCExceptionReporter - SQL Error: 0, SQLState: null
ERROR http-8080-2 org.hibernate.util.JDBCExceptionReporter - Already closed.
WARN http-8080-2 org.hibernate.util.JDBCExceptionReporter - SQL Error: 0, SQLState: null
ERROR http-8080-2 org.hibernate.util.JDBCExceptionReporter - Already closed.
ERROR http-8080-2 freemarker.runtime - 

Expression pageBean is undefined on line 62, column 41 in admin/diary/list.ftl.
The problematic instruction:
----------
==> ${pageBean.recordCount} [on line 62, column 39 in admin/diary/list.ftl]
 in user-directive body [on line 7, column 1 in admin/diary/list.ftl]
----------

Java backtrace for programmers:
----------
freemarker.core.InvalidReferenceException: Expression pageBean is undefined on line 62, column 41 in admin/diary/list.ftl.
	at freemarker.core.TemplateObject.assertNonNull(TemplateObject.java:124)
	at freemarker.core.TemplateObject.invalidTypeException(TemplateObject.java:134)
	at freemarker.core.Dot._getAsTemplateModel(Dot.java:78)
	at freemarker.core.Expression.getAsTemplateModel(Expression.java:89)
	at freemarker.core.Expression.getStringValue(Expression.java:93)
	at freemarker.core.DollarVariable.accept(DollarVariable.java:76)
	at freemarker.core.Environment.visit(Environment.java:208)
	at freemarker.core.MixedContent.accept(MixedContent.java:92)
	at freemarker.core.Environment.visit(Environment.java:208)
	at freemarker.core.Environment.visit(Environment.java:393)
	at freemarker.core.BodyInstruction.accept(BodyInstruction.java:93)
	at freemarker.core.Environment.visit(Environment.java:208)
	at freemarker.core.MixedContent.accept(MixedContent.java:92)
	at freemarker.core.Environment.visit(Environment.java:208)
	at freemarker.core.Macro$Context.runMacro(Macro.java:163)
	at freemarker.core.Environment.visit(Environment.java:601)
	at freemarker.core.UnifiedCall.accept(UnifiedCall.java:106)
	at freemarker.core.Environment.visit(Environment.java:208)
	at freemarker.core.MixedContent.accept(MixedContent.java:92)
	at freemarker.core.Environment.visit(Environment.java:208)
	at freemarker.core.Environment.process(Environment.java:188)
	at freemarker.template.Template.process(Template.java:237)
	at org.springframework.web.servlet.view.freemarker.FreeMarkerView.processTemplate(FreeMarkerView.java:366)
	at org.springframework.web.servlet.view.freemarker.FreeMarkerView.doRender(FreeMarkerView.java:283)
	at org.springframework.web.servlet.view.freemarker.FreeMarkerView.renderMergedTemplateModel(FreeMarkerView.java:233)
	at org.springframework.web.servlet.view.AbstractTemplateView.renderMergedOutputModel(AbstractTemplateView.java:167)
	at org.springframework.web.servlet.view.AbstractView.render(AbstractView.java:262)
	at org.springframework.web.servlet.DispatcherServlet.render(DispatcherServlet.java:1180)
	at org.springframework.web.servlet.DispatcherServlet.doDispatch(DispatcherServlet.java:950)
	at org.springframework.web.servlet.DispatcherServlet.doService(DispatcherServlet.java:852)
	at org.springframework.web.servlet.FrameworkServlet.processRequest(FrameworkServlet.java:882)
	at org.springframework.web.servlet.FrameworkServlet.doGet(FrameworkServlet.java:778)
	at javax.servlet.http.HttpServlet.service(HttpServlet.java:617)
	at javax.servlet.http.HttpServlet.service(HttpServlet.java:717)
	at org.apache.catalina.core.ApplicationFilterChain.internalDoFilter(ApplicationFilterChain.java:290)
	at org.apache.catalina.core.ApplicationFilterChain.doFilter(ApplicationFilterChain.java:206)
	at org.springframework.web.filter.CharacterEncodingFilter.doFilterInternal(CharacterEncodingFilter.java:88)
	at org.springframework.web.filter.OncePerRequestFilter.doFilter(OncePerRequestFilter.java:76)
	at org.apache.catalina.core.ApplicationFilterChain.internalDoFilter(ApplicationFilterChain.java:235)
	at org.apache.catalina.core.ApplicationFilterChain.doFilter(ApplicationFilterChain.java:206)
	at org.apache.catalina.core.StandardWrapperValve.invoke(StandardWrapperValve.java:233)
	at org.apache.catalina.core.StandardContextValve.invoke(StandardContextValve.java:191)
	at org.apache.catalina.core.StandardHostValve.invoke(StandardHostValve.java:127)
	at org.apache.catalina.valves.ErrorReportValve.invoke(ErrorReportValve.java:102)
	at org.apache.catalina.core.StandardEngineValve.invoke(StandardEngineValve.java:109)
	at org.apache.catalina.connector.CoyoteAdapter.service(CoyoteAdapter.java:298)
	at org.apache.coyote.http11.Http11Processor.process(Http11Processor.java:857)
	at org.apache.coyote.http11.Http11Protocol$Http11ConnectionHandler.process(Http11Protocol.java:588)
	at org.apache.tomcat.util.net.JIoEndpoint$Worker.run(JIoEndpoint.java:489)
	at java.lang.Thread.run(Thread.java:745)
ERROR btpool0-12 freemarker.runtime - 

Expression pageBean.totalPage is undefined on line 61, column 39 in admin/diary/list.ftl.
The problematic instruction:
----------
==> ${pageBean.totalPage} [on line 61, column 37 in admin/diary/list.ftl]
 in user-directive body [on line 7, column 1 in admin/diary/list.ftl]
----------

Java backtrace for programmers:
----------
freemarker.core.InvalidReferenceException: Expression pageBean.totalPage is undefined on line 61, column 39 in admin/diary/list.ftl.
	at freemarker.core.TemplateObject.assertNonNull(TemplateObject.java:124)
	at freemarker.core.Expression.getStringValue(Expression.java:118)
	at freemarker.core.Expression.getStringValue(Expression.java:93)
	at freemarker.core.DollarVariable.accept(DollarVariable.java:76)
	at freemarker.core.Environment.visit(Environment.java:208)
	at freemarker.core.MixedContent.accept(MixedContent.java:92)
	at freemarker.core.Environment.visit(Environment.java:208)
	at freemarker.core.Environment.visit(Environment.java:393)
	at freemarker.core.BodyInstruction.accept(BodyInstruction.java:93)
	at freemarker.core.Environment.visit(Environment.java:208)
	at freemarker.core.MixedContent.accept(MixedContent.java:92)
	at freemarker.core.Environment.visit(Environment.java:208)
	at freemarker.core.Macro$Context.runMacro(Macro.java:163)
	at freemarker.core.Environment.visit(Environment.java:601)
	at freemarker.core.UnifiedCall.accept(UnifiedCall.java:106)
	at freemarker.core.Environment.visit(Environment.java:208)
	at freemarker.core.MixedContent.accept(MixedContent.java:92)
	at freemarker.core.Environment.visit(Environment.java:208)
	at freemarker.core.Environment.process(Environment.java:188)
	at freemarker.template.Template.process(Template.java:237)
	at org.springframework.web.servlet.view.freemarker.FreeMarkerView.processTemplate(FreeMarkerView.java:366)
	at org.springframework.web.servlet.view.freemarker.FreeMarkerView.doRender(FreeMarkerView.java:283)
	at org.springframework.web.servlet.view.freemarker.FreeMarkerView.renderMergedTemplateModel(FreeMarkerView.java:233)
	at org.springframework.web.servlet.view.AbstractTemplateView.renderMergedOutputModel(AbstractTemplateView.java:167)
	at org.springframework.web.servlet.view.AbstractView.render(AbstractView.java:262)
	at org.springframework.web.servlet.DispatcherServlet.render(DispatcherServlet.java:1180)
	at org.springframework.web.servlet.DispatcherServlet.doDispatch(DispatcherServlet.java:950)
	at org.springframework.web.servlet.DispatcherServlet.doService(DispatcherServlet.java:852)
	at org.springframework.web.servlet.FrameworkServlet.processRequest(FrameworkServlet.java:882)
	at org.springframework.web.servlet.FrameworkServlet.doGet(FrameworkServlet.java:778)
	at javax.servlet.http.HttpServlet.service(HttpServlet.java:707)
	at javax.servlet.http.HttpServlet.service(HttpServlet.java:820)
	at org.mortbay.jetty.servlet.ServletHolder.handle(ServletHolder.java:487)
	at org.mortbay.jetty.servlet.ServletHandler$CachedChain.doFilter(ServletHandler.java:1093)
	at org.springframework.web.filter.CharacterEncodingFilter.doFilterInternal(CharacterEncodingFilter.java:88)
	at org.springframework.web.filter.OncePerRequestFilter.doFilter(OncePerRequestFilter.java:76)
	at org.mortbay.jetty.servlet.ServletHandler$CachedChain.doFilter(ServletHandler.java:1084)
	at org.mortbay.jetty.servlet.ServletHandler.handle(ServletHandler.java:360)
	at org.mortbay.jetty.security.SecurityHandler.handle(SecurityHandler.java:216)
	at org.mortbay.jetty.servlet.SessionHandler.handle(SessionHandler.java:181)
	at org.mortbay.jetty.handler.ContextHandler.handle(ContextHandler.java:712)
	at org.mortbay.jetty.webapp.WebAppContext.handle(WebAppContext.java:405)
	at org.mortbay.jetty.handler.ContextHandlerCollection.handle(ContextHandlerCollection.java:211)
	at org.mortbay.jetty.handler.HandlerCollection.handle(HandlerCollection.java:114)
	at org.mortbay.jetty.handler.HandlerWrapper.handle(HandlerWrapper.java:139)
	at org.mortbay.jetty.Server.handle(Server.java:313)
	at org.mortbay.jetty.HttpConnection.handleRequest(HttpConnection.java:506)
	at org.mortbay.jetty.HttpConnection$RequestHandler.headerComplete(HttpConnection.java:830)
	at org.mortbay.jetty.HttpParser.parseNext(HttpParser.java:514)
	at org.mortbay.jetty.HttpParser.parseAvailable(HttpParser.java:211)
	at org.mortbay.jetty.HttpConnection.handle(HttpConnection.java:381)
	at org.mortbay.io.nio.SelectChannelEndPoint.run(SelectChannelEndPoint.java:396)
	at org.mortbay.thread.BoundedThreadPool$PoolThread.run(BoundedThreadPool.java:442)
ERROR btpool0-8 freemarker.runtime - 

Expression pageBean.totalPage is undefined on line 61, column 39 in admin/diary/list.ftl.
The problematic instruction:
----------
==> ${pageBean.totalPage} [on line 61, column 37 in admin/diary/list.ftl]
 in user-directive body [on line 7, column 1 in admin/diary/list.ftl]
----------

Java backtrace for programmers:
----------
freemarker.core.InvalidReferenceException: Expression pageBean.totalPage is undefined on line 61, column 39 in admin/diary/list.ftl.
	at freemarker.core.TemplateObject.assertNonNull(TemplateObject.java:124)
	at freemarker.core.Expression.getStringValue(Expression.java:118)
	at freemarker.core.Expression.getStringValue(Expression.java:93)
	at freemarker.core.DollarVariable.accept(DollarVariable.java:76)
	at freemarker.core.Environment.visit(Environment.java:208)
	at freemarker.core.MixedContent.accept(MixedContent.java:92)
	at freemarker.core.Environment.visit(Environment.java:208)
	at freemarker.core.Environment.visit(Environment.java:393)
	at freemarker.core.BodyInstruction.accept(BodyInstruction.java:93)
	at freemarker.core.Environment.visit(Environment.java:208)
	at freemarker.core.MixedContent.accept(MixedContent.java:92)
	at freemarker.core.Environment.visit(Environment.java:208)
	at freemarker.core.Macro$Context.runMacro(Macro.java:163)
	at freemarker.core.Environment.visit(Environment.java:601)
	at freemarker.core.UnifiedCall.accept(UnifiedCall.java:106)
	at freemarker.core.Environment.visit(Environment.java:208)
	at freemarker.core.MixedContent.accept(MixedContent.java:92)
	at freemarker.core.Environment.visit(Environment.java:208)
	at freemarker.core.Environment.process(Environment.java:188)
	at freemarker.template.Template.process(Template.java:237)
	at org.springframework.web.servlet.view.freemarker.FreeMarkerView.processTemplate(FreeMarkerView.java:366)
	at org.springframework.web.servlet.view.freemarker.FreeMarkerView.doRender(FreeMarkerView.java:283)
	at org.springframework.web.servlet.view.freemarker.FreeMarkerView.renderMergedTemplateModel(FreeMarkerView.java:233)
	at org.springframework.web.servlet.view.AbstractTemplateView.renderMergedOutputModel(AbstractTemplateView.java:167)
	at org.springframework.web.servlet.view.AbstractView.render(AbstractView.java:262)
	at org.springframework.web.servlet.DispatcherServlet.render(DispatcherServlet.java:1180)
	at org.springframework.web.servlet.DispatcherServlet.doDispatch(DispatcherServlet.java:950)
	at org.springframework.web.servlet.DispatcherServlet.doService(DispatcherServlet.java:852)
	at org.springframework.web.servlet.FrameworkServlet.processRequest(FrameworkServlet.java:882)
	at org.springframework.web.servlet.FrameworkServlet.doGet(FrameworkServlet.java:778)
	at javax.servlet.http.HttpServlet.service(HttpServlet.java:707)
	at javax.servlet.http.HttpServlet.service(HttpServlet.java:820)
	at org.mortbay.jetty.servlet.ServletHolder.handle(ServletHolder.java:487)
	at org.mortbay.jetty.servlet.ServletHandler$CachedChain.doFilter(ServletHandler.java:1093)
	at org.springframework.web.filter.CharacterEncodingFilter.doFilterInternal(CharacterEncodingFilter.java:88)
	at org.springframework.web.filter.OncePerRequestFilter.doFilter(OncePerRequestFilter.java:76)
	at org.mortbay.jetty.servlet.ServletHandler$CachedChain.doFilter(ServletHandler.java:1084)
	at org.mortbay.jetty.servlet.ServletHandler.handle(ServletHandler.java:360)
	at org.mortbay.jetty.security.SecurityHandler.handle(SecurityHandler.java:216)
	at org.mortbay.jetty.servlet.SessionHandler.handle(SessionHandler.java:181)
	at org.mortbay.jetty.handler.ContextHandler.handle(ContextHandler.java:712)
	at org.mortbay.jetty.webapp.WebAppContext.handle(WebAppContext.java:405)
	at org.mortbay.jetty.handler.ContextHandlerCollection.handle(ContextHandlerCollection.java:211)
	at org.mortbay.jetty.handler.HandlerCollection.handle(HandlerCollection.java:114)
	at org.mortbay.jetty.handler.HandlerWrapper.handle(HandlerWrapper.java:139)
	at org.mortbay.jetty.Server.handle(Server.java:313)
	at org.mortbay.jetty.HttpConnection.handleRequest(HttpConnection.java:506)
	at org.mortbay.jetty.HttpConnection$RequestHandler.headerComplete(HttpConnection.java:830)
	at org.mortbay.jetty.HttpParser.parseNext(HttpParser.java:514)
	at org.mortbay.jetty.HttpParser.parseAvailable(HttpParser.java:211)
	at org.mortbay.jetty.HttpConnection.handle(HttpConnection.java:381)
	at org.mortbay.io.nio.SelectChannelEndPoint.run(SelectChannelEndPoint.java:396)
	at org.mortbay.thread.BoundedThreadPool$PoolThread.run(BoundedThreadPool.java:442)
ERROR btpool0-8 freemarker.runtime - 

Expression pageBean.totalPage is undefined on line 61, column 39 in admin/diary/list.ftl.
The problematic instruction:
----------
==> ${pageBean.totalPage} [on line 61, column 37 in admin/diary/list.ftl]
 in user-directive body [on line 7, column 1 in admin/diary/list.ftl]
----------

Java backtrace for programmers:
----------
freemarker.core.InvalidReferenceException: Expression pageBean.totalPage is undefined on line 61, column 39 in admin/diary/list.ftl.
	at freemarker.core.TemplateObject.assertNonNull(TemplateObject.java:124)
	at freemarker.core.Expression.getStringValue(Expression.java:118)
	at freemarker.core.Expression.getStringValue(Expression.java:93)
	at freemarker.core.DollarVariable.accept(DollarVariable.java:76)
	at freemarker.core.Environment.visit(Environment.java:208)
	at freemarker.core.MixedContent.accept(MixedContent.java:92)
	at freemarker.core.Environment.visit(Environment.java:208)
	at freemarker.core.Environment.visit(Environment.java:393)
	at freemarker.core.BodyInstruction.accept(BodyInstruction.java:93)
	at freemarker.core.Environment.visit(Environment.java:208)
	at freemarker.core.MixedContent.accept(MixedContent.java:92)
	at freemarker.core.Environment.visit(Environment.java:208)
	at freemarker.core.Macro$Context.runMacro(Macro.java:163)
	at freemarker.core.Environment.visit(Environment.java:601)
	at freemarker.core.UnifiedCall.accept(UnifiedCall.java:106)
	at freemarker.core.Environment.visit(Environment.java:208)
	at freemarker.core.MixedContent.accept(MixedContent.java:92)
	at freemarker.core.Environment.visit(Environment.java:208)
	at freemarker.core.Environment.process(Environment.java:188)
	at freemarker.template.Template.process(Template.java:237)
	at org.springframework.web.servlet.view.freemarker.FreeMarkerView.processTemplate(FreeMarkerView.java:366)
	at org.springframework.web.servlet.view.freemarker.FreeMarkerView.doRender(FreeMarkerView.java:283)
	at org.springframework.web.servlet.view.freemarker.FreeMarkerView.renderMergedTemplateModel(FreeMarkerView.java:233)
	at org.springframework.web.servlet.view.AbstractTemplateView.renderMergedOutputModel(AbstractTemplateView.java:167)
	at org.springframework.web.servlet.view.AbstractView.render(AbstractView.java:262)
	at org.springframework.web.servlet.DispatcherServlet.render(DispatcherServlet.java:1180)
	at org.springframework.web.servlet.DispatcherServlet.doDispatch(DispatcherServlet.java:950)
	at org.springframework.web.servlet.DispatcherServlet.doService(DispatcherServlet.java:852)
	at org.springframework.web.servlet.FrameworkServlet.processRequest(FrameworkServlet.java:882)
	at org.springframework.web.servlet.FrameworkServlet.doGet(FrameworkServlet.java:778)
	at javax.servlet.http.HttpServlet.service(HttpServlet.java:707)
	at javax.servlet.http.HttpServlet.service(HttpServlet.java:820)
	at org.mortbay.jetty.servlet.ServletHolder.handle(ServletHolder.java:487)
	at org.mortbay.jetty.servlet.ServletHandler$CachedChain.doFilter(ServletHandler.java:1093)
	at org.springframework.web.filter.CharacterEncodingFilter.doFilterInternal(CharacterEncodingFilter.java:88)
	at org.springframework.web.filter.OncePerRequestFilter.doFilter(OncePerRequestFilter.java:76)
	at org.mortbay.jetty.servlet.ServletHandler$CachedChain.doFilter(ServletHandler.java:1084)
	at org.mortbay.jetty.servlet.ServletHandler.handle(ServletHandler.java:360)
	at org.mortbay.jetty.security.SecurityHandler.handle(SecurityHandler.java:216)
	at org.mortbay.jetty.servlet.SessionHandler.handle(SessionHandler.java:181)
	at org.mortbay.jetty.handler.ContextHandler.handle(ContextHandler.java:712)
	at org.mortbay.jetty.webapp.WebAppContext.handle(WebAppContext.java:405)
	at org.mortbay.jetty.handler.ContextHandlerCollection.handle(ContextHandlerCollection.java:211)
	at org.mortbay.jetty.handler.HandlerCollection.handle(HandlerCollection.java:114)
	at org.mortbay.jetty.handler.HandlerWrapper.handle(HandlerWrapper.java:139)
	at org.mortbay.jetty.Server.handle(Server.java:313)
	at org.mortbay.jetty.HttpConnection.handleRequest(HttpConnection.java:506)
	at org.mortbay.jetty.HttpConnection$RequestHandler.headerComplete(HttpConnection.java:830)
	at org.mortbay.jetty.HttpParser.parseNext(HttpParser.java:514)
	at org.mortbay.jetty.HttpParser.parseAvailable(HttpParser.java:211)
	at org.mortbay.jetty.HttpConnection.handle(HttpConnection.java:381)
	at org.mortbay.io.nio.SelectChannelEndPoint.run(SelectChannelEndPoint.java:396)
	at org.mortbay.thread.BoundedThreadPool$PoolThread.run(BoundedThreadPool.java:442)
ERROR btpool0-8 freemarker.runtime - 

Expression pageBean.totalPage is undefined on line 61, column 39 in admin/diary/list.ftl.
The problematic instruction:
----------
==> ${pageBean.totalPage} [on line 61, column 37 in admin/diary/list.ftl]
 in user-directive body [on line 7, column 1 in admin/diary/list.ftl]
----------

Java backtrace for programmers:
----------
freemarker.core.InvalidReferenceException: Expression pageBean.totalPage is undefined on line 61, column 39 in admin/diary/list.ftl.
	at freemarker.core.TemplateObject.assertNonNull(TemplateObject.java:124)
	at freemarker.core.Expression.getStringValue(Expression.java:118)
	at freemarker.core.Expression.getStringValue(Expression.java:93)
	at freemarker.core.DollarVariable.accept(DollarVariable.java:76)
	at freemarker.core.Environment.visit(Environment.java:208)
	at freemarker.core.MixedContent.accept(MixedContent.java:92)
	at freemarker.core.Environment.visit(Environment.java:208)
	at freemarker.core.Environment.visit(Environment.java:393)
	at freemarker.core.BodyInstruction.accept(BodyInstruction.java:93)
	at freemarker.core.Environment.visit(Environment.java:208)
	at freemarker.core.MixedContent.accept(MixedContent.java:92)
	at freemarker.core.Environment.visit(Environment.java:208)
	at freemarker.core.Macro$Context.runMacro(Macro.java:163)
	at freemarker.core.Environment.visit(Environment.java:601)
	at freemarker.core.UnifiedCall.accept(UnifiedCall.java:106)
	at freemarker.core.Environment.visit(Environment.java:208)
	at freemarker.core.MixedContent.accept(MixedContent.java:92)
	at freemarker.core.Environment.visit(Environment.java:208)
	at freemarker.core.Environment.process(Environment.java:188)
	at freemarker.template.Template.process(Template.java:237)
	at org.springframework.web.servlet.view.freemarker.FreeMarkerView.processTemplate(FreeMarkerView.java:366)
	at org.springframework.web.servlet.view.freemarker.FreeMarkerView.doRender(FreeMarkerView.java:283)
	at org.springframework.web.servlet.view.freemarker.FreeMarkerView.renderMergedTemplateModel(FreeMarkerView.java:233)
	at org.springframework.web.servlet.view.AbstractTemplateView.renderMergedOutputModel(AbstractTemplateView.java:167)
	at org.springframework.web.servlet.view.AbstractView.render(AbstractView.java:262)
	at org.springframework.web.servlet.DispatcherServlet.render(DispatcherServlet.java:1180)
	at org.springframework.web.servlet.DispatcherServlet.doDispatch(DispatcherServlet.java:950)
	at org.springframework.web.servlet.DispatcherServlet.doService(DispatcherServlet.java:852)
	at org.springframework.web.servlet.FrameworkServlet.processRequest(FrameworkServlet.java:882)
	at org.springframework.web.servlet.FrameworkServlet.doGet(FrameworkServlet.java:778)
	at javax.servlet.http.HttpServlet.service(HttpServlet.java:707)
	at javax.servlet.http.HttpServlet.service(HttpServlet.java:820)
	at org.mortbay.jetty.servlet.ServletHolder.handle(ServletHolder.java:487)
	at org.mortbay.jetty.servlet.ServletHandler$CachedChain.doFilter(ServletHandler.java:1093)
	at org.springframework.web.filter.CharacterEncodingFilter.doFilterInternal(CharacterEncodingFilter.java:88)
	at org.springframework.web.filter.OncePerRequestFilter.doFilter(OncePerRequestFilter.java:76)
	at org.mortbay.jetty.servlet.ServletHandler$CachedChain.doFilter(ServletHandler.java:1084)
	at org.mortbay.jetty.servlet.ServletHandler.handle(ServletHandler.java:360)
	at org.mortbay.jetty.security.SecurityHandler.handle(SecurityHandler.java:216)
	at org.mortbay.jetty.servlet.SessionHandler.handle(SessionHandler.java:181)
	at org.mortbay.jetty.handler.ContextHandler.handle(ContextHandler.java:712)
	at org.mortbay.jetty.webapp.WebAppContext.handle(WebAppContext.java:405)
	at org.mortbay.jetty.handler.ContextHandlerCollection.handle(ContextHandlerCollection.java:211)
	at org.mortbay.jetty.handler.HandlerCollection.handle(HandlerCollection.java:114)
	at org.mortbay.jetty.handler.HandlerWrapper.handle(HandlerWrapper.java:139)
	at org.mortbay.jetty.Server.handle(Server.java:313)
	at org.mortbay.jetty.HttpConnection.handleRequest(HttpConnection.java:506)
	at org.mortbay.jetty.HttpConnection$RequestHandler.headerComplete(HttpConnection.java:830)
	at org.mortbay.jetty.HttpParser.parseNext(HttpParser.java:514)
	at org.mortbay.jetty.HttpParser.parseAvailable(HttpParser.java:211)
	at org.mortbay.jetty.HttpConnection.handle(HttpConnection.java:381)
	at org.mortbay.io.nio.SelectChannelEndPoint.run(SelectChannelEndPoint.java:396)
	at org.mortbay.thread.BoundedThreadPool$PoolThread.run(BoundedThreadPool.java:442)
ERROR btpool0-8 freemarker.runtime - 

Expression pageBean.totalPage is undefined on line 61, column 39 in admin/diary/list.ftl.
The problematic instruction:
----------
==> ${pageBean.totalPage} [on line 61, column 37 in admin/diary/list.ftl]
 in user-directive body [on line 7, column 1 in admin/diary/list.ftl]
----------

Java backtrace for programmers:
----------
freemarker.core.InvalidReferenceException: Expression pageBean.totalPage is undefined on line 61, column 39 in admin/diary/list.ftl.
	at freemarker.core.TemplateObject.assertNonNull(TemplateObject.java:124)
	at freemarker.core.Expression.getStringValue(Expression.java:118)
	at freemarker.core.Expression.getStringValue(Expression.java:93)
	at freemarker.core.DollarVariable.accept(DollarVariable.java:76)
	at freemarker.core.Environment.visit(Environment.java:208)
	at freemarker.core.MixedContent.accept(MixedContent.java:92)
	at freemarker.core.Environment.visit(Environment.java:208)
	at freemarker.core.Environment.visit(Environment.java:393)
	at freemarker.core.BodyInstruction.accept(BodyInstruction.java:93)
	at freemarker.core.Environment.visit(Environment.java:208)
	at freemarker.core.MixedContent.accept(MixedContent.java:92)
	at freemarker.core.Environment.visit(Environment.java:208)
	at freemarker.core.Macro$Context.runMacro(Macro.java:163)
	at freemarker.core.Environment.visit(Environment.java:601)
	at freemarker.core.UnifiedCall.accept(UnifiedCall.java:106)
	at freemarker.core.Environment.visit(Environment.java:208)
	at freemarker.core.MixedContent.accept(MixedContent.java:92)
	at freemarker.core.Environment.visit(Environment.java:208)
	at freemarker.core.Environment.process(Environment.java:188)
	at freemarker.template.Template.process(Template.java:237)
	at org.springframework.web.servlet.view.freemarker.FreeMarkerView.processTemplate(FreeMarkerView.java:366)
	at org.springframework.web.servlet.view.freemarker.FreeMarkerView.doRender(FreeMarkerView.java:283)
	at org.springframework.web.servlet.view.freemarker.FreeMarkerView.renderMergedTemplateModel(FreeMarkerView.java:233)
	at org.springframework.web.servlet.view.AbstractTemplateView.renderMergedOutputModel(AbstractTemplateView.java:167)
	at org.springframework.web.servlet.view.AbstractView.render(AbstractView.java:262)
	at org.springframework.web.servlet.DispatcherServlet.render(DispatcherServlet.java:1180)
	at org.springframework.web.servlet.DispatcherServlet.doDispatch(DispatcherServlet.java:950)
	at org.springframework.web.servlet.DispatcherServlet.doService(DispatcherServlet.java:852)
	at org.springframework.web.servlet.FrameworkServlet.processRequest(FrameworkServlet.java:882)
	at org.springframework.web.servlet.FrameworkServlet.doGet(FrameworkServlet.java:778)
	at javax.servlet.http.HttpServlet.service(HttpServlet.java:707)
	at javax.servlet.http.HttpServlet.service(HttpServlet.java:820)
	at org.mortbay.jetty.servlet.ServletHolder.handle(ServletHolder.java:487)
	at org.mortbay.jetty.servlet.ServletHandler$CachedChain.doFilter(ServletHandler.java:1093)
	at org.springframework.web.filter.CharacterEncodingFilter.doFilterInternal(CharacterEncodingFilter.java:88)
	at org.springframework.web.filter.OncePerRequestFilter.doFilter(OncePerRequestFilter.java:76)
	at org.mortbay.jetty.servlet.ServletHandler$CachedChain.doFilter(ServletHandler.java:1084)
	at org.mortbay.jetty.servlet.ServletHandler.handle(ServletHandler.java:360)
	at org.mortbay.jetty.security.SecurityHandler.handle(SecurityHandler.java:216)
	at org.mortbay.jetty.servlet.SessionHandler.handle(SessionHandler.java:181)
	at org.mortbay.jetty.handler.ContextHandler.handle(ContextHandler.java:712)
	at org.mortbay.jetty.webapp.WebAppContext.handle(WebAppContext.java:405)
	at org.mortbay.jetty.handler.ContextHandlerCollection.handle(ContextHandlerCollection.java:211)
	at org.mortbay.jetty.handler.HandlerCollection.handle(HandlerCollection.java:114)
	at org.mortbay.jetty.handler.HandlerWrapper.handle(HandlerWrapper.java:139)
	at org.mortbay.jetty.Server.handle(Server.java:313)
	at org.mortbay.jetty.HttpConnection.handleRequest(HttpConnection.java:506)
	at org.mortbay.jetty.HttpConnection$RequestHandler.headerComplete(HttpConnection.java:830)
	at org.mortbay.jetty.HttpParser.parseNext(HttpParser.java:514)
	at org.mortbay.jetty.HttpParser.parseAvailable(HttpParser.java:211)
	at org.mortbay.jetty.HttpConnection.handle(HttpConnection.java:381)
	at org.mortbay.io.nio.SelectChannelEndPoint.run(SelectChannelEndPoint.java:396)
	at org.mortbay.thread.BoundedThreadPool$PoolThread.run(BoundedThreadPool.java:442)
ERROR btpool0-7 freemarker.runtime - 

Expression pageBean.totalPage is undefined on line 61, column 39 in admin/diary/list.ftl.
The problematic instruction:
----------
==> ${pageBean.totalPage} [on line 61, column 37 in admin/diary/list.ftl]
 in user-directive body [on line 7, column 1 in admin/diary/list.ftl]
----------

Java backtrace for programmers:
----------
freemarker.core.InvalidReferenceException: Expression pageBean.totalPage is undefined on line 61, column 39 in admin/diary/list.ftl.
	at freemarker.core.TemplateObject.assertNonNull(TemplateObject.java:124)
	at freemarker.core.Expression.getStringValue(Expression.java:118)
	at freemarker.core.Expression.getStringValue(Expression.java:93)
	at freemarker.core.DollarVariable.accept(DollarVariable.java:76)
	at freemarker.core.Environment.visit(Environment.java:208)
	at freemarker.core.MixedContent.accept(MixedContent.java:92)
	at freemarker.core.Environment.visit(Environment.java:208)
	at freemarker.core.Environment.visit(Environment.java:393)
	at freemarker.core.BodyInstruction.accept(BodyInstruction.java:93)
	at freemarker.core.Environment.visit(Environment.java:208)
	at freemarker.core.MixedContent.accept(MixedContent.java:92)
	at freemarker.core.Environment.visit(Environment.java:208)
	at freemarker.core.Macro$Context.runMacro(Macro.java:163)
	at freemarker.core.Environment.visit(Environment.java:601)
	at freemarker.core.UnifiedCall.accept(UnifiedCall.java:106)
	at freemarker.core.Environment.visit(Environment.java:208)
	at freemarker.core.MixedContent.accept(MixedContent.java:92)
	at freemarker.core.Environment.visit(Environment.java:208)
	at freemarker.core.Environment.process(Environment.java:188)
	at freemarker.template.Template.process(Template.java:237)
	at org.springframework.web.servlet.view.freemarker.FreeMarkerView.processTemplate(FreeMarkerView.java:366)
	at org.springframework.web.servlet.view.freemarker.FreeMarkerView.doRender(FreeMarkerView.java:283)
	at org.springframework.web.servlet.view.freemarker.FreeMarkerView.renderMergedTemplateModel(FreeMarkerView.java:233)
	at org.springframework.web.servlet.view.AbstractTemplateView.renderMergedOutputModel(AbstractTemplateView.java:167)
	at org.springframework.web.servlet.view.AbstractView.render(AbstractView.java:262)
	at org.springframework.web.servlet.DispatcherServlet.render(DispatcherServlet.java:1180)
	at org.springframework.web.servlet.DispatcherServlet.doDispatch(DispatcherServlet.java:950)
	at org.springframework.web.servlet.DispatcherServlet.doService(DispatcherServlet.java:852)
	at org.springframework.web.servlet.FrameworkServlet.processRequest(FrameworkServlet.java:882)
	at org.springframework.web.servlet.FrameworkServlet.doGet(FrameworkServlet.java:778)
	at javax.servlet.http.HttpServlet.service(HttpServlet.java:707)
	at javax.servlet.http.HttpServlet.service(HttpServlet.java:820)
	at org.mortbay.jetty.servlet.ServletHolder.handle(ServletHolder.java:487)
	at org.mortbay.jetty.servlet.ServletHandler$CachedChain.doFilter(ServletHandler.java:1093)
	at org.springframework.web.filter.CharacterEncodingFilter.doFilterInternal(CharacterEncodingFilter.java:88)
	at org.springframework.web.filter.OncePerRequestFilter.doFilter(OncePerRequestFilter.java:76)
	at org.mortbay.jetty.servlet.ServletHandler$CachedChain.doFilter(ServletHandler.java:1084)
	at org.mortbay.jetty.servlet.ServletHandler.handle(ServletHandler.java:360)
	at org.mortbay.jetty.security.SecurityHandler.handle(SecurityHandler.java:216)
	at org.mortbay.jetty.servlet.SessionHandler.handle(SessionHandler.java:181)
	at org.mortbay.jetty.handler.ContextHandler.handle(ContextHandler.java:712)
	at org.mortbay.jetty.webapp.WebAppContext.handle(WebAppContext.java:405)
	at org.mortbay.jetty.handler.ContextHandlerCollection.handle(ContextHandlerCollection.java:211)
	at org.mortbay.jetty.handler.HandlerCollection.handle(HandlerCollection.java:114)
	at org.mortbay.jetty.handler.HandlerWrapper.handle(HandlerWrapper.java:139)
	at org.mortbay.jetty.Server.handle(Server.java:313)
	at org.mortbay.jetty.HttpConnection.handleRequest(HttpConnection.java:506)
	at org.mortbay.jetty.HttpConnection$RequestHandler.headerComplete(HttpConnection.java:830)
	at org.mortbay.jetty.HttpParser.parseNext(HttpParser.java:514)
	at org.mortbay.jetty.HttpParser.parseAvailable(HttpParser.java:211)
	at org.mortbay.jetty.HttpConnection.handle(HttpConnection.java:381)
	at org.mortbay.io.nio.SelectChannelEndPoint.run(SelectChannelEndPoint.java:396)
	at org.mortbay.thread.BoundedThreadPool$PoolThread.run(BoundedThreadPool.java:442)
ERROR btpool0-15 freemarker.runtime - 

Expression pageBean.totalPage is undefined on line 61, column 39 in admin/diary/list.ftl.
The problematic instruction:
----------
==> ${pageBean.totalPage} [on line 61, column 37 in admin/diary/list.ftl]
 in user-directive body [on line 7, column 1 in admin/diary/list.ftl]
----------

Java backtrace for programmers:
----------
freemarker.core.InvalidReferenceException: Expression pageBean.totalPage is undefined on line 61, column 39 in admin/diary/list.ftl.
	at freemarker.core.TemplateObject.assertNonNull(TemplateObject.java:124)
	at freemarker.core.Expression.getStringValue(Expression.java:118)
	at freemarker.core.Expression.getStringValue(Expression.java:93)
	at freemarker.core.DollarVariable.accept(DollarVariable.java:76)
	at freemarker.core.Environment.visit(Environment.java:208)
	at freemarker.core.MixedContent.accept(MixedContent.java:92)
	at freemarker.core.Environment.visit(Environment.java:208)
	at freemarker.core.Environment.visit(Environment.java:393)
	at freemarker.core.BodyInstruction.accept(BodyInstruction.java:93)
	at freemarker.core.Environment.visit(Environment.java:208)
	at freemarker.core.MixedContent.accept(MixedContent.java:92)
	at freemarker.core.Environment.visit(Environment.java:208)
	at freemarker.core.Macro$Context.runMacro(Macro.java:163)
	at freemarker.core.Environment.visit(Environment.java:601)
	at freemarker.core.UnifiedCall.accept(UnifiedCall.java:106)
	at freemarker.core.Environment.visit(Environment.java:208)
	at freemarker.core.MixedContent.accept(MixedContent.java:92)
	at freemarker.core.Environment.visit(Environment.java:208)
	at freemarker.core.Environment.process(Environment.java:188)
	at freemarker.template.Template.process(Template.java:237)
	at org.springframework.web.servlet.view.freemarker.FreeMarkerView.processTemplate(FreeMarkerView.java:366)
	at org.springframework.web.servlet.view.freemarker.FreeMarkerView.doRender(FreeMarkerView.java:283)
	at org.springframework.web.servlet.view.freemarker.FreeMarkerView.renderMergedTemplateModel(FreeMarkerView.java:233)
	at org.springframework.web.servlet.view.AbstractTemplateView.renderMergedOutputModel(AbstractTemplateView.java:167)
	at org.springframework.web.servlet.view.AbstractView.render(AbstractView.java:262)
	at org.springframework.web.servlet.DispatcherServlet.render(DispatcherServlet.java:1180)
	at org.springframework.web.servlet.DispatcherServlet.doDispatch(DispatcherServlet.java:950)
	at org.springframework.web.servlet.DispatcherServlet.doService(DispatcherServlet.java:852)
	at org.springframework.web.servlet.FrameworkServlet.processRequest(FrameworkServlet.java:882)
	at org.springframework.web.servlet.FrameworkServlet.doGet(FrameworkServlet.java:778)
	at javax.servlet.http.HttpServlet.service(HttpServlet.java:707)
	at javax.servlet.http.HttpServlet.service(HttpServlet.java:820)
	at org.mortbay.jetty.servlet.ServletHolder.handle(ServletHolder.java:487)
	at org.mortbay.jetty.servlet.ServletHandler$CachedChain.doFilter(ServletHandler.java:1093)
	at org.springframework.web.filter.CharacterEncodingFilter.doFilterInternal(CharacterEncodingFilter.java:88)
	at org.springframework.web.filter.OncePerRequestFilter.doFilter(OncePerRequestFilter.java:76)
	at org.mortbay.jetty.servlet.ServletHandler$CachedChain.doFilter(ServletHandler.java:1084)
	at org.mortbay.jetty.servlet.ServletHandler.handle(ServletHandler.java:360)
	at org.mortbay.jetty.security.SecurityHandler.handle(SecurityHandler.java:216)
	at org.mortbay.jetty.servlet.SessionHandler.handle(SessionHandler.java:181)
	at org.mortbay.jetty.handler.ContextHandler.handle(ContextHandler.java:712)
	at org.mortbay.jetty.webapp.WebAppContext.handle(WebAppContext.java:405)
	at org.mortbay.jetty.handler.ContextHandlerCollection.handle(ContextHandlerCollection.java:211)
	at org.mortbay.jetty.handler.HandlerCollection.handle(HandlerCollection.java:114)
	at org.mortbay.jetty.handler.HandlerWrapper.handle(HandlerWrapper.java:139)
	at org.mortbay.jetty.Server.handle(Server.java:313)
	at org.mortbay.jetty.HttpConnection.handleRequest(HttpConnection.java:506)
	at org.mortbay.jetty.HttpConnection$RequestHandler.headerComplete(HttpConnection.java:830)
	at org.mortbay.jetty.HttpParser.parseNext(HttpParser.java:514)
	at org.mortbay.jetty.HttpParser.parseAvailable(HttpParser.java:211)
	at org.mortbay.jetty.HttpConnection.handle(HttpConnection.java:381)
	at org.mortbay.io.nio.SelectChannelEndPoint.run(SelectChannelEndPoint.java:396)
	at org.mortbay.thread.BoundedThreadPool$PoolThread.run(BoundedThreadPool.java:442)
ERROR btpool0-15 freemarker.runtime - 

Expression pageBean.totalPage is undefined on line 61, column 39 in admin/diary/list.ftl.
The problematic instruction:
----------
==> ${pageBean.totalPage} [on line 61, column 37 in admin/diary/list.ftl]
 in user-directive body [on line 7, column 1 in admin/diary/list.ftl]
----------

Java backtrace for programmers:
----------
freemarker.core.InvalidReferenceException: Expression pageBean.totalPage is undefined on line 61, column 39 in admin/diary/list.ftl.
	at freemarker.core.TemplateObject.assertNonNull(TemplateObject.java:124)
	at freemarker.core.Expression.getStringValue(Expression.java:118)
	at freemarker.core.Expression.getStringValue(Expression.java:93)
	at freemarker.core.DollarVariable.accept(DollarVariable.java:76)
	at freemarker.core.Environment.visit(Environment.java:208)
	at freemarker.core.MixedContent.accept(MixedContent.java:92)
	at freemarker.core.Environment.visit(Environment.java:208)
	at freemarker.core.Environment.visit(Environment.java:393)
	at freemarker.core.BodyInstruction.accept(BodyInstruction.java:93)
	at freemarker.core.Environment.visit(Environment.java:208)
	at freemarker.core.MixedContent.accept(MixedContent.java:92)
	at freemarker.core.Environment.visit(Environment.java:208)
	at freemarker.core.Macro$Context.runMacro(Macro.java:163)
	at freemarker.core.Environment.visit(Environment.java:601)
	at freemarker.core.UnifiedCall.accept(UnifiedCall.java:106)
	at freemarker.core.Environment.visit(Environment.java:208)
	at freemarker.core.MixedContent.accept(MixedContent.java:92)
	at freemarker.core.Environment.visit(Environment.java:208)
	at freemarker.core.Environment.process(Environment.java:188)
	at freemarker.template.Template.process(Template.java:237)
	at org.springframework.web.servlet.view.freemarker.FreeMarkerView.processTemplate(FreeMarkerView.java:366)
	at org.springframework.web.servlet.view.freemarker.FreeMarkerView.doRender(FreeMarkerView.java:283)
	at org.springframework.web.servlet.view.freemarker.FreeMarkerView.renderMergedTemplateModel(FreeMarkerView.java:233)
	at org.springframework.web.servlet.view.AbstractTemplateView.renderMergedOutputModel(AbstractTemplateView.java:167)
	at org.springframework.web.servlet.view.AbstractView.render(AbstractView.java:262)
	at org.springframework.web.servlet.DispatcherServlet.render(DispatcherServlet.java:1180)
	at org.springframework.web.servlet.DispatcherServlet.doDispatch(DispatcherServlet.java:950)
	at org.springframework.web.servlet.DispatcherServlet.doService(DispatcherServlet.java:852)
	at org.springframework.web.servlet.FrameworkServlet.processRequest(FrameworkServlet.java:882)
	at org.springframework.web.servlet.FrameworkServlet.doGet(FrameworkServlet.java:778)
	at javax.servlet.http.HttpServlet.service(HttpServlet.java:707)
	at javax.servlet.http.HttpServlet.service(HttpServlet.java:820)
	at org.mortbay.jetty.servlet.ServletHolder.handle(ServletHolder.java:487)
	at org.mortbay.jetty.servlet.ServletHandler$CachedChain.doFilter(ServletHandler.java:1093)
	at org.springframework.web.filter.CharacterEncodingFilter.doFilterInternal(CharacterEncodingFilter.java:88)
	at org.springframework.web.filter.OncePerRequestFilter.doFilter(OncePerRequestFilter.java:76)
	at org.mortbay.jetty.servlet.ServletHandler$CachedChain.doFilter(ServletHandler.java:1084)
	at org.mortbay.jetty.servlet.ServletHandler.handle(ServletHandler.java:360)
	at org.mortbay.jetty.security.SecurityHandler.handle(SecurityHandler.java:216)
	at org.mortbay.jetty.servlet.SessionHandler.handle(SessionHandler.java:181)
	at org.mortbay.jetty.handler.ContextHandler.handle(ContextHandler.java:712)
	at org.mortbay.jetty.webapp.WebAppContext.handle(WebAppContext.java:405)
	at org.mortbay.jetty.handler.ContextHandlerCollection.handle(ContextHandlerCollection.java:211)
	at org.mortbay.jetty.handler.HandlerCollection.handle(HandlerCollection.java:114)
	at org.mortbay.jetty.handler.HandlerWrapper.handle(HandlerWrapper.java:139)
	at org.mortbay.jetty.Server.handle(Server.java:313)
	at org.mortbay.jetty.HttpConnection.handleRequest(HttpConnection.java:506)
	at org.mortbay.jetty.HttpConnection$RequestHandler.headerComplete(HttpConnection.java:830)
	at org.mortbay.jetty.HttpParser.parseNext(HttpParser.java:514)
	at org.mortbay.jetty.HttpParser.parseAvailable(HttpParser.java:211)
	at org.mortbay.jetty.HttpConnection.handle(HttpConnection.java:381)
	at org.mortbay.io.nio.SelectChannelEndPoint.run(SelectChannelEndPoint.java:396)
	at org.mortbay.thread.BoundedThreadPool$PoolThread.run(BoundedThreadPool.java:442)
