2016-03-11 13:10:50  {ERROR} [2016-03-11 13:10:50,324] [org.springframework.web.context.ContextLoader] : Context initialization failed
org.springframework.beans.factory.BeanCreationException: Error creating bean with name 'userController': Injection of autowired dependencies failed; nested exception is org.springframework.beans.factory.BeanCreationException: Could not autowire field: private com.xiaoxuanfeng.plate.user.service.UserService com.xiaoxuanfeng.plate.user.controller.UserController.userService; nested exception is org.springframework.beans.factory.BeanCreationException: Error creating bean with name 'userServiceImpl': Injection of autowired dependencies failed; nested exception is org.springframework.beans.factory.BeanCreationException: Could not autowire field: private com.xiaoxuanfeng.plate.user.dao.UserDao com.xiaoxuanfeng.plate.user.service.impl.UserServiceImpl.userDao; nested exception is org.springframework.beans.factory.BeanCreationException: Error creating bean with name 'userDaoImpl' defined in file [D:\self\ROOT\WEBSITE\target\classes\com\xiaoxuanfeng\plate\user\dao\impl\UserDaoImpl.class]: Instantiation of bean failed; nested exception is org.springframework.beans.BeanInstantiationException: Could not instantiate bean class [com.xiaoxuanfeng.plate.user.dao.impl.UserDaoImpl]: Constructor threw exception; nested exception is java.lang.Error: Unresolved compilation problems: 
	The type org.hibernate.Query cannot be resolved. It is indirectly referenced from required .class files
	The type org.hibernate.Session cannot be resolved. It is indirectly referenced from required .class files

	at org.springframework.beans.factory.annotation.AutowiredAnnotationBeanPostProcessor.postProcessPropertyValues(AutowiredAnnotationBeanPostProcessor.java:287)
	at org.springframework.beans.factory.support.AbstractAutowireCapableBeanFactory.populateBean(AbstractAutowireCapableBeanFactory.java:1106)
	at org.springframework.beans.factory.support.AbstractAutowireCapableBeanFactory.doCreateBean(AbstractAutowireCapableBeanFactory.java:517)
	at org.springframework.beans.factory.support.AbstractAutowireCapableBeanFactory.createBean(AbstractAutowireCapableBeanFactory.java:456)
	at org.springframework.beans.factory.support.AbstractBeanFactory$1.getObject(AbstractBeanFactory.java:294)
	at org.springframework.beans.factory.support.DefaultSingletonBeanRegistry.getSingleton(DefaultSingletonBeanRegistry.java:225)
	at org.springframework.beans.factory.support.AbstractBeanFactory.doGetBean(AbstractBeanFactory.java:291)
	at org.springframework.beans.factory.support.AbstractBeanFactory.getBean(AbstractBeanFactory.java:193)
	at org.springframework.beans.factory.support.DefaultListableBeanFactory.preInstantiateSingletons(DefaultListableBeanFactory.java:585)
	at org.springframework.context.support.AbstractApplicationContext.finishBeanFactoryInitialization(AbstractApplicationContext.java:913)
	at org.springframework.context.support.AbstractApplicationContext.refresh(AbstractApplicationContext.java:464)
	at org.springframework.web.context.ContextLoader.configureAndRefreshWebApplicationContext(ContextLoader.java:385)
	at org.springframework.web.context.ContextLoader.initWebApplicationContext(ContextLoader.java:284)
	at org.springframework.web.context.ContextLoaderListener.contextInitialized(ContextLoaderListener.java:111)
	at org.mortbay.jetty.handler.ContextHandler.startContext(ContextHandler.java:530)
	at org.mortbay.jetty.servlet.Context.startContext(Context.java:135)
	at org.mortbay.jetty.webapp.WebAppContext.startContext(WebAppContext.java:1218)
	at org.mortbay.jetty.handler.ContextHandler.doStart(ContextHandler.java:500)
	at org.mortbay.jetty.webapp.WebAppContext.doStart(WebAppContext.java:448)
	at org.mortbay.component.AbstractLifeCycle.start(AbstractLifeCycle.java:40)
	at org.mortbay.jetty.handler.HandlerCollection.doStart(HandlerCollection.java:147)
	at org.mortbay.jetty.handler.ContextHandlerCollection.doStart(ContextHandlerCollection.java:161)
	at org.mortbay.component.AbstractLifeCycle.start(AbstractLifeCycle.java:40)
	at org.mortbay.jetty.handler.HandlerCollection.doStart(HandlerCollection.java:147)
	at org.mortbay.component.AbstractLifeCycle.start(AbstractLifeCycle.java:40)
	at org.mortbay.jetty.handler.HandlerWrapper.doStart(HandlerWrapper.java:117)
	at org.mortbay.jetty.Server.doStart(Server.java:217)
	at org.mortbay.component.AbstractLifeCycle.start(AbstractLifeCycle.java:40)
	at org.mortbay.jetty.plugin.Jetty6PluginServer.start(Jetty6PluginServer.java:132)
	at org.mortbay.jetty.plugin.AbstractJettyMojo.startJetty(AbstractJettyMojo.java:345)
	at org.mortbay.jetty.plugin.AbstractJettyMojo.execute(AbstractJettyMojo.java:286)
	at org.mortbay.jetty.plugin.AbstractJettyRunMojo.execute(AbstractJettyRunMojo.java:204)
	at org.mortbay.jetty.plugin.Jetty6RunMojo.execute(Jetty6RunMojo.java:183)
	at org.apache.maven.plugin.DefaultBuildPluginManager.executeMojo(DefaultBuildPluginManager.java:107)
	at org.apache.maven.lifecycle.internal.MojoExecutor.execute(MojoExecutor.java:209)
	at org.apache.maven.lifecycle.internal.MojoExecutor.execute(MojoExecutor.java:153)
	at org.apache.maven.lifecycle.internal.MojoExecutor.execute(MojoExecutor.java:145)
	at org.apache.maven.lifecycle.internal.LifecycleModuleBuilder.buildProject(LifecycleModuleBuilder.java:84)
	at org.apache.maven.lifecycle.internal.LifecycleModuleBuilder.buildProject(LifecycleModuleBuilder.java:59)
	at org.apache.maven.lifecycle.internal.LifecycleStarter.singleThreadedBuild(LifecycleStarter.java:183)
	at org.apache.maven.lifecycle.internal.LifecycleStarter.execute(LifecycleStarter.java:161)
	at org.apache.maven.DefaultMaven.doExecute(DefaultMaven.java:319)
	at org.apache.maven.DefaultMaven.execute(DefaultMaven.java:156)
	at org.apache.maven.cli.MavenCli.execute(MavenCli.java:534)
	at org.apache.maven.cli.MavenCli.doMain(MavenCli.java:196)
	at org.apache.maven.cli.MavenCli.main(MavenCli.java:141)
	at sun.reflect.NativeMethodAccessorImpl.invoke0(Native Method)
	at sun.reflect.NativeMethodAccessorImpl.invoke(NativeMethodAccessorImpl.java:57)
	at sun.reflect.DelegatingMethodAccessorImpl.invoke(DelegatingMethodAccessorImpl.java:43)
	at java.lang.reflect.Method.invoke(Method.java:606)
	at org.codehaus.plexus.classworlds.launcher.Launcher.launchEnhanced(Launcher.java:290)
	at org.codehaus.plexus.classworlds.launcher.Launcher.launch(Launcher.java:230)
	at org.codehaus.plexus.classworlds.launcher.Launcher.mainWithExitCode(Launcher.java:409)
	at org.codehaus.plexus.classworlds.launcher.Launcher.main(Launcher.java:352)
Caused by: org.springframework.beans.factory.BeanCreationException: Could not autowire field: private com.xiaoxuanfeng.plate.user.service.UserService com.xiaoxuanfeng.plate.user.controller.UserController.userService; nested exception is org.springframework.beans.factory.BeanCreationException: Error creating bean with name 'userServiceImpl': Injection of autowired dependencies failed; nested exception is org.springframework.beans.factory.BeanCreationException: Could not autowire field: private com.xiaoxuanfeng.plate.user.dao.UserDao com.xiaoxuanfeng.plate.user.service.impl.UserServiceImpl.userDao; nested exception is org.springframework.beans.factory.BeanCreationException: Error creating bean with name 'userDaoImpl' defined in file [D:\self\ROOT\WEBSITE\target\classes\com\xiaoxuanfeng\plate\user\dao\impl\UserDaoImpl.class]: Instantiation of bean failed; nested exception is org.springframework.beans.BeanInstantiationException: Could not instantiate bean class [com.xiaoxuanfeng.plate.user.dao.impl.UserDaoImpl]: Constructor threw exception; nested exception is java.lang.Error: Unresolved compilation problems: 
	The type org.hibernate.Query cannot be resolved. It is indirectly referenced from required .class files
	The type org.hibernate.Session cannot be resolved. It is indirectly referenced from required .class files

	at org.springframework.beans.factory.annotation.AutowiredAnnotationBeanPostProcessor$AutowiredFieldElement.inject(AutowiredAnnotationBeanPostProcessor.java:506)
	at org.springframework.beans.factory.annotation.InjectionMetadata.inject(InjectionMetadata.java:87)
	at org.springframework.beans.factory.annotation.AutowiredAnnotationBeanPostProcessor.postProcessPropertyValues(AutowiredAnnotationBeanPostProcessor.java:284)
	... 53 more
Caused by: org.springframework.beans.factory.BeanCreationException: Error creating bean with name 'userServiceImpl': Injection of autowired dependencies failed; nested exception is org.springframework.beans.factory.BeanCreationException: Could not autowire field: private com.xiaoxuanfeng.plate.user.dao.UserDao com.xiaoxuanfeng.plate.user.service.impl.UserServiceImpl.userDao; nested exception is org.springframework.beans.factory.BeanCreationException: Error creating bean with name 'userDaoImpl' defined in file [D:\self\ROOT\WEBSITE\target\classes\com\xiaoxuanfeng\plate\user\dao\impl\UserDaoImpl.class]: Instantiation of bean failed; nested exception is org.springframework.beans.BeanInstantiationException: Could not instantiate bean class [com.xiaoxuanfeng.plate.user.dao.impl.UserDaoImpl]: Constructor threw exception; nested exception is java.lang.Error: Unresolved compilation problems: 
	The type org.hibernate.Query cannot be resolved. It is indirectly referenced from required .class files
	The type org.hibernate.Session cannot be resolved. It is indirectly referenced from required .class files

	at org.springframework.beans.factory.annotation.AutowiredAnnotationBeanPostProcessor.postProcessPropertyValues(AutowiredAnnotationBeanPostProcessor.java:287)
	at org.springframework.beans.factory.support.AbstractAutowireCapableBeanFactory.populateBean(AbstractAutowireCapableBeanFactory.java:1106)
	at org.springframework.beans.factory.support.AbstractAutowireCapableBeanFactory.doCreateBean(AbstractAutowireCapableBeanFactory.java:517)
	at org.springframework.beans.factory.support.AbstractAutowireCapableBeanFactory.createBean(AbstractAutowireCapableBeanFactory.java:456)
	at org.springframework.beans.factory.support.AbstractBeanFactory$1.getObject(AbstractBeanFactory.java:294)
	at org.springframework.beans.factory.support.DefaultSingletonBeanRegistry.getSingleton(DefaultSingletonBeanRegistry.java:225)
	at org.springframework.beans.factory.support.AbstractBeanFactory.doGetBean(AbstractBeanFactory.java:291)
	at org.springframework.beans.factory.support.AbstractBeanFactory.getBean(AbstractBeanFactory.java:193)
	at org.springframework.beans.factory.support.DefaultListableBeanFactory.findAutowireCandidates(DefaultListableBeanFactory.java:848)
	at org.springframework.beans.factory.support.DefaultListableBeanFactory.doResolveDependency(DefaultListableBeanFactory.java:790)
	at org.springframework.beans.factory.support.DefaultListableBeanFactory.resolveDependency(DefaultListableBeanFactory.java:707)
	at org.springframework.beans.factory.annotation.AutowiredAnnotationBeanPostProcessor$AutowiredFieldElement.inject(AutowiredAnnotationBeanPostProcessor.java:478)
	... 55 more
Caused by: org.springframework.beans.factory.BeanCreationException: Could not autowire field: private com.xiaoxuanfeng.plate.user.dao.UserDao com.xiaoxuanfeng.plate.user.service.impl.UserServiceImpl.userDao; nested exception is org.springframework.beans.factory.BeanCreationException: Error creating bean with name 'userDaoImpl' defined in file [D:\self\ROOT\WEBSITE\target\classes\com\xiaoxuanfeng\plate\user\dao\impl\UserDaoImpl.class]: Instantiation of bean failed; nested exception is org.springframework.beans.BeanInstantiationException: Could not instantiate bean class [com.xiaoxuanfeng.plate.user.dao.impl.UserDaoImpl]: Constructor threw exception; nested exception is java.lang.Error: Unresolved compilation problems: 
	The type org.hibernate.Query cannot be resolved. It is indirectly referenced from required .class files
	The type org.hibernate.Session cannot be resolved. It is indirectly referenced from required .class files

	at org.springframework.beans.factory.annotation.AutowiredAnnotationBeanPostProcessor$AutowiredFieldElement.inject(AutowiredAnnotationBeanPostProcessor.java:506)
	at org.springframework.beans.factory.annotation.InjectionMetadata.inject(InjectionMetadata.java:87)
	at org.springframework.beans.factory.annotation.AutowiredAnnotationBeanPostProcessor.postProcessPropertyValues(AutowiredAnnotationBeanPostProcessor.java:284)
	... 66 more
Caused by: org.springframework.beans.factory.BeanCreationException: Error creating bean with name 'userDaoImpl' defined in file [D:\self\ROOT\WEBSITE\target\classes\com\xiaoxuanfeng\plate\user\dao\impl\UserDaoImpl.class]: Instantiation of bean failed; nested exception is org.springframework.beans.BeanInstantiationException: Could not instantiate bean class [com.xiaoxuanfeng.plate.user.dao.impl.UserDaoImpl]: Constructor threw exception; nested exception is java.lang.Error: Unresolved compilation problems: 
	The type org.hibernate.Query cannot be resolved. It is indirectly referenced from required .class files
	The type org.hibernate.Session cannot be resolved. It is indirectly referenced from required .class files

	at org.springframework.beans.factory.support.AbstractAutowireCapableBeanFactory.instantiateBean(AbstractAutowireCapableBeanFactory.java:997)
	at org.springframework.beans.factory.support.AbstractAutowireCapableBeanFactory.createBeanInstance(AbstractAutowireCapableBeanFactory.java:943)
	at org.springframework.beans.factory.support.AbstractAutowireCapableBeanFactory.doCreateBean(AbstractAutowireCapableBeanFactory.java:485)
	at org.springframework.beans.factory.support.AbstractAutowireCapableBeanFactory.createBean(AbstractAutowireCapableBeanFactory.java:456)
	at org.springframework.beans.factory.support.AbstractBeanFactory$1.getObject(AbstractBeanFactory.java:294)
	at org.springframework.beans.factory.support.DefaultSingletonBeanRegistry.getSingleton(DefaultSingletonBeanRegistry.java:225)
	at org.springframework.beans.factory.support.AbstractBeanFactory.doGetBean(AbstractBeanFactory.java:291)
	at org.springframework.beans.factory.support.AbstractBeanFactory.getBean(AbstractBeanFactory.java:193)
	at org.springframework.beans.factory.support.DefaultListableBeanFactory.findAutowireCandidates(DefaultListableBeanFactory.java:848)
	at org.springframework.beans.factory.support.DefaultListableBeanFactory.doResolveDependency(DefaultListableBeanFactory.java:790)
	at org.springframework.beans.factory.support.DefaultListableBeanFactory.resolveDependency(DefaultListableBeanFactory.java:707)
	at org.springframework.beans.factory.annotation.AutowiredAnnotationBeanPostProcessor$AutowiredFieldElement.inject(AutowiredAnnotationBeanPostProcessor.java:478)
	... 68 more
Caused by: org.springframework.beans.BeanInstantiationException: Could not instantiate bean class [com.xiaoxuanfeng.plate.user.dao.impl.UserDaoImpl]: Constructor threw exception; nested exception is java.lang.Error: Unresolved compilation problems: 
	The type org.hibernate.Query cannot be resolved. It is indirectly referenced from required .class files
	The type org.hibernate.Session cannot be resolved. It is indirectly referenced from required .class files

	at org.springframework.beans.BeanUtils.instantiateClass(BeanUtils.java:162)
	at org.springframework.beans.factory.support.SimpleInstantiationStrategy.instantiate(SimpleInstantiationStrategy.java:76)
	at org.springframework.beans.factory.support.AbstractAutowireCapableBeanFactory.instantiateBean(AbstractAutowireCapableBeanFactory.java:990)
	... 79 more
Caused by: java.lang.Error: Unresolved compilation problems: 
	The type org.hibernate.Query cannot be resolved. It is indirectly referenced from required .class files
	The type org.hibernate.Session cannot be resolved. It is indirectly referenced from required .class files

	at com.xiaoxuanfeng.plate.user.dao.impl.UserDaoImpl.<init>(UserDaoImpl.java:1)
	at sun.reflect.NativeConstructorAccessorImpl.newInstance0(Native Method)
	at sun.reflect.NativeConstructorAccessorImpl.newInstance(NativeConstructorAccessorImpl.java:57)
	at sun.reflect.DelegatingConstructorAccessorImpl.newInstance(DelegatingConstructorAccessorImpl.java:45)
	at java.lang.reflect.Constructor.newInstance(Constructor.java:526)
	at org.springframework.beans.BeanUtils.instantiateClass(BeanUtils.java:147)
	... 81 more
